{
  "RSpec": {
    "coverage": {
      "/Users/LukasBarry/Desktop/TTS/rails/titlesearch/spec/controllers/buyers_controller_spec.rb": [
        1,
        null,
        1,
        null,
        null
      ],
      "/Users/LukasBarry/Desktop/TTS/rails/titlesearch/spec/rails_helper.rb": [
        null,
        1,
        1,
        null,
        1,
        1,
        1,
        1,
        null,
        null,
        null,
        null,
        null,
        null,
        null,
        null,
        null,
        null,
        null,
        null,
        null,
        null,
        null,
        null,
        null,
        null,
        null,
        1,
        null,
        1,
        null,
        null,
        null,
        null,
        null,
        1,
        null,
        null,
        null,
        null,
        null,
        null,
        null,
        null,
        null,
        null,
        null,
        null,
        null,
        null,
        1,
        null,
        null,
        1,
        null,
        null,
        1,
        1,
        null
      ],
      "/Users/LukasBarry/Desktop/TTS/rails/titlesearch/config/environment.rb": [
        null,
        1,
        null,
        null,
        1
      ],
      "/Users/LukasBarry/Desktop/TTS/rails/titlesearch/config/application.rb": [
        1,
        null,
        1,
        null,
        1,
        1,
        1,
        1,
        1,
        1,
        1,
        null,
        null,
        null,
        null,
        1,
        null,
        1,
        1,
        null,
        null,
        null,
        null,
        null,
        null,
        null,
        null,
        null,
        null,
        null,
        null,
        null,
        1,
        null,
        null
      ],
      "/Users/LukasBarry/Desktop/TTS/rails/titlesearch/config/boot.rb": [
        1,
        null,
        1
      ],
      "/Users/LukasBarry/Desktop/TTS/rails/titlesearch/config/environments/test.rb": [
        1,
        null,
        null,
        null,
        null,
        null,
        null,
        1,
        null,
        null,
        null,
        null,
        1,
        null,
        null,
        1,
        1,
        null,
        null,
        1,
        1,
        null,
        null,
        1,
        null,
        null,
        1,
        null,
        null,
        null,
        null,
        1,
        null,
        null,
        1,
        null,
        null,
        1,
        null,
        null,
        null,
        null
      ],
      "/Users/LukasBarry/Desktop/TTS/rails/titlesearch/config/initializers/assets.rb": [
        null,
        null,
        null,
        1,
        null,
        null,
        null,
        null,
        null,
        null,
        null
      ],
      "/Users/LukasBarry/Desktop/TTS/rails/titlesearch/config/initializers/backtrace_silencers.rb": [
        null,
        null,
        null,
        null,
        null,
        null,
        null
      ],
      "/Users/LukasBarry/Desktop/TTS/rails/titlesearch/config/initializers/cookies_serializer.rb": [
        null,
        null,
        1
      ],
      "/Users/LukasBarry/Desktop/TTS/rails/titlesearch/config/initializers/devise.rb": [
        null,
        null,
        1,
        null,
        null,
        null,
        null,
        null,
        null,
        null,
        null,
        null,
        null,
        null,
        1,
        null,
        null,
        null,
        null,
        null,
        null,
        null,
        null,
        null,
        null,
        null,
        1,
        null,
        null,
        null,
        null,
        null,
        null,
        null,
        null,
        null,
        null,
        null,
        null,
        null,
        null,
        null,
        null,
        null,
        null,
        null,
        null,
        null,
        1,
        null,
        null,
        null,
        null,
        1,
        null,
        null,
        null,
        null,
        null,
        null,
        null,
        null,
        null,
        null,
        null,
        null,
        null,
        null,
        null,
        null,
        null,
        null,
        null,
        null,
        null,
        null,
        null,
        null,
        null,
        null,
        null,
        null,
        null,
        null,
        1,
        null,
        null,
        null,
        null,
        null,
        null,
        null,
        null,
        null,
        null,
        null,
        null,
        null,
        null,
        null,
        null,
        null,
        null,
        null,
        null,
        null,
        null,
        1,
        null,
        null,
        null,
        null,
        null,
        null,
        null,
        null,
        null,
        null,
        null,
        null,
        null,
        null,
        null,
        null,
        null,
        null,
        null,
        null,
        null,
        null,
        null,
        null,
        null,
        null,
        null,
        1,
        null,
        null,
        null,
        null,
        null,
        null,
        null,
        null,
        null,
        1,
        null,
        null,
        null,
        null,
        null,
        null,
        null,
        null,
        null,
        null,
        1,
        null,
        null,
        null,
        null,
        1,
        null,
        null,
        null,
        null,
        null,
        null,
        null,
        null,
        null,
        null,
        null,
        null,
        null,
        null,
        null,
        null,
        null,
        null,
        null,
        null,
        null,
        null,
        null,
        null,
        null,
        null,
        null,
        null,
        null,
        null,
        null,
        null,
        null,
        null,
        null,
        null,
        null,
        null,
        null,
        null,
        1,
        null,
        null,
        null,
        null,
        null,
        null,
        null,
        null,
        null,
        null,
        null,
        null,
        null,
        null,
        null,
        null,
        null,
        null,
        null,
        null,
        null,
        null,
        null,
        null,
        null,
        null,
        null,
        null,
        null,
        null,
        null,
        null,
        null,
        null,
        null,
        null,
        null,
        null,
        null,
        null,
        null,
        1,
        null,
        null,
        null,
        null,
        null,
        null,
        null,
        null,
        null,
        null,
        null,
        null,
        null,
        null,
        null,
        null,
        null,
        null,
        null,
        null,
        null,
        null,
        null,
        null,
        null,
        null,
        null,
        null,
        null
      ],
      "/Users/LukasBarry/Desktop/TTS/rails/titlesearch/config/initializers/filter_parameter_logging.rb": [
        null,
        null,
        null,
        1
      ],
      "/Users/LukasBarry/Desktop/TTS/rails/titlesearch/config/initializers/inflections.rb": [
        null,
        null,
        null,
        null,
        null,
        null,
        null,
        null,
        null,
        null,
        null,
        null,
        null,
        null,
        null,
        null
      ],
      "/Users/LukasBarry/Desktop/TTS/rails/titlesearch/config/initializers/mime_types.rb": [
        null,
        null,
        null,
        null
      ],
      "/Users/LukasBarry/Desktop/TTS/rails/titlesearch/config/initializers/session_store.rb": [
        null,
        null,
        1
      ],
      "/Users/LukasBarry/Desktop/TTS/rails/titlesearch/config/initializers/wrap_parameters.rb": [
        null,
        null,
        null,
        null,
        null,
        null,
        1,
        1,
        null,
        null,
        null,
        null,
        null,
        null
      ],
      "/Users/LukasBarry/Desktop/TTS/rails/titlesearch/spec/factories.rb": [
        1,
        1,
        1,
        4,
        1,
        1,
        1,
        1,
        1,
        1,
        1,
        1,
        1,
        null,
        null,
        1,
        1,
        4,
        1,
        1,
        1,
        1,
        1,
        1,
        1,
        1,
        1,
        1,
        1,
        1,
        1,
        1,
        1,
        1,
        1,
        1,
        1,
        null,
        null
      ],
      "/Users/LukasBarry/Desktop/TTS/rails/titlesearch/config/routes.rb": [
        1,
        1,
        null,
        1,
        null,
        1,
        1,
        null,
        null,
        null,
        null,
        null,
        null,
        null,
        null,
        null,
        null,
        null,
        null,
        null,
        null,
        null,
        null,
        null,
        null,
        null,
        null,
        null,
        null,
        null,
        null,
        null,
        null,
        null,
        null,
        null,
        null,
        null,
        null,
        null,
        null,
        null,
        null,
        null,
        null,
        null,
        null,
        null,
        null,
        null,
        null,
        null,
        null,
        null,
        null,
        null,
        null,
        null,
        null,
        null,
        null,
        null,
        null,
        null,
        null
      ],
      "/Users/LukasBarry/Desktop/TTS/rails/titlesearch/app/models/user.rb": [
        1,
        null,
        null,
        1,
        null,
        1,
        null
      ],
      "/Users/LukasBarry/Desktop/TTS/rails/titlesearch/app/helpers/application_helper.rb": [
        1,
        null
      ],
      "/Users/LukasBarry/Desktop/TTS/rails/titlesearch/app/helpers/buyers_helper.rb": [
        1,
        null
      ],
      "/Users/LukasBarry/Desktop/TTS/rails/titlesearch/app/helpers/profiles_helper.rb": [
        1,
        null
      ],
      "/Users/LukasBarry/Desktop/TTS/rails/titlesearch/app/controllers/buyers_controller.rb": [
        1,
        null
      ],
      "/Users/LukasBarry/Desktop/TTS/rails/titlesearch/app/controllers/application_controller.rb": [
        1,
        null,
        null,
        1,
        1,
        1,
        null,
        1,
        null,
        1,
        0,
        0,
        null,
        null
      ],
      "/Users/LukasBarry/Desktop/TTS/rails/titlesearch/spec/controllers/profiles_controller_spec.rb": [
        1,
        null,
        1,
        1,
        3,
        1,
        1,
        1,
        null,
        1,
        1,
        1,
        null,
        null,
        null,
        null
      ],
      "/Users/LukasBarry/Desktop/TTS/rails/titlesearch/app/controllers/profiles_controller.rb": [
        1,
        null,
        1,
        0,
        null,
        null,
        1,
        null,
        null,
        null
      ],
      "/Users/LukasBarry/Desktop/TTS/rails/titlesearch/spec/helpers/buyers_helper_spec.rb": [
        1,
        null,
        null,
        null,
        null,
        null,
        null,
        null,
        null,
        null,
        null,
        null,
        1,
        1,
        null
      ],
      "/Users/LukasBarry/Desktop/TTS/rails/titlesearch/spec/helpers/profiles_helper_spec.rb": [
        1,
        null,
        null,
        null,
        null,
        null,
        null,
        null,
        null,
        null,
        null,
        null,
        1,
        1,
        null
      ],
      "/Users/LukasBarry/Desktop/TTS/rails/titlesearch/spec/models/buyer_spec.rb": [
        1,
        null,
        1,
        1,
        1,
        1,
        null,
        1,
        1,
        1,
        null,
        1,
        1,
        1,
        null,
        1,
        1,
        1,
        null,
        null
      ],
      "/Users/LukasBarry/Desktop/TTS/rails/titlesearch/app/models/buyer.rb": [
        1,
        1,
        1,
        null
      ],
      "/Users/LukasBarry/Desktop/TTS/rails/titlesearch/spec/models/user_spec.rb": [
        1,
        null,
        1,
        1,
        1,
        1,
        1,
        null,
        null,
        1,
        1,
        1,
        1,
        null,
        null,
        null
      ],
      "/Users/LukasBarry/Desktop/TTS/rails/titlesearch/spec/routing/buyers_routes_spec.rb": [

      ],
      "/Users/LukasBarry/Desktop/TTS/rails/titlesearch/spec/routing/profiles_routes_spec.rb": [

      ],
      "/Users/LukasBarry/Desktop/TTS/rails/titlesearch/spec/views/profiles/show.html.erb_spec.rb": [
        1,
        null,
        1,
        1,
        null
      ]
    },
    "timestamp": 1472493402
  }
}
